A51 MACRO ASSEMBLER  MAIN                                                                 06/22/2022 16:54:55 PAGE     1


MACRO ASSEMBLER A51 V8.2.7.0
OBJECT MODULE PLACED IN .\Objects\main.obj
ASSEMBLER INVOKED BY: D:\Program_Files\Keil_v5\C51\BIN\A51.EXE main.a51 SET(SMALL) DEBUG PRINT(.\Listings\main.lst) OBJE
                      CT(.\Objects\main.obj) EP

LOC  OBJ            LINE     SOURCE

                       1     ; #DEFINE
                       2     ;================================================================
  0080                 3     num equ p0
  00A0                 4     nghin bit p2.0
  00A1                 5     tram bit p2.1
  00A2                 6     chuc bit p2.2
  00A3                 7     donvi bit p2.3
                       8     
                       9             
  0040                10     inc_set equ 40h
  0041                11     ok_set equ 41h
  0042                12     button_inc equ 42h
  0043                13     button_ok equ 43h
  0044                14     num_set equ 44h
  0045                15     test equ 45h
  0046                16     delay_count equ 46h
  0047                17     sum_of_sample equ 47h
  0048                18     average_of_sample equ 48h
  0049                19     sample_count equ 49h
  0050                20     sample equ 50h
                      21             
  0051                22     gia_tri_don_vi equ 51h
  0052                23     gia_tri_chuc equ 52h
  0053                24     gia_tri_tram equ 53h
  0054                25     gia_tri_nghin equ 54h
  0055                26     chu_so equ 55h
                      27             
  00A5                28     wr_ bit p2.5    ;allow converting 
  00A4                29     intr_ bit p2.4  ;converting succeed
  00A6                30     rd_ bit p2.6    ;allow communicating
  00B3                31     cs_ bit p3.3    
                      32             
  00A7                33     spk bit p2.7
  00B1                34     led_orange bit p3.1                      
  00B2                35     led_white bit p3.2                       
  00B0                36     led_interrupt bit p3.0
                      37     ;=================================================================      
                      38             
                      39             
0000                  40     org 00h
0000 020097           41     ljmp START_X                             
                      42             
                      43     
000B                  44     org 000Bh        
000B 020030           45     ljmp 030h
                      46     
0030                  47     org 030h
                      48     ;=========================TIMER_0_INTERRUPT========================
0030 D2B2             49     setb led_white
0032 E546             50     MOV a, delay_count
0034 B4FA13           51     cjne a, #250, TIMER0_NEXT
0037 754600           52     MOV delay_count, #0
003A E5A0             53     mov a, p2                
003C 5480             54     anl a, #80h              
003E B4800F           55     cjne a,#80h, TURN_ON             
0041 C2A7             56     clr spk
0043 120290           57     lcall OFF_WARNING
A51 MACRO ASSEMBLER  MAIN                                                                 06/22/2022 16:54:55 PAGE     2

0046 120297           58     lcall TIMER0_SETUP_FOR_WARNING
0049 32               59     reti
004A                  60     TIMER0_NEXT:
004A 0546             61     INC delay_count
004C 120297           62     lcall TIMER0_SETUP_FOR_WARNING
004F 32               63     reti
0050                  64     TURN_ON:
0050 D2A7             65     setb spk
0052 120280           66     lcall SHOW_WARNING
0055 120297           67     lcall TIMER0_SETUP_FOR_WARNING
0058 32               68     reti
                      69     ;============================================================================
                      70     
                      71     
                      72     
001B                  73     org 001Bh
001B 020080           74     ljmp 0080h
                      75     
0080                  76     org 0080h
                      77     ;=============================TIMER_1_INTERRUPT===============================
0080 D2B0             78     setb led_interrupt
                      79     ;lcall DELAY_2
                      80     ;clr led_interrupt
                      81     ;lcall DELAY_2
0082 E546             82     mov a, delay_count
0084 B4280A           83     cjne a, #40, TIMER1_NEXT                         
0087 754600           84     mov delay_count, #0
008A 1201A3           85     lcall CONVERT
008D 1202A7           86     lcall TIMER1_SETUP_FOR_MAIN
0090 32               87     reti
0091                  88     TIMER1_NEXT:
0091 0546             89     inc delay_count
0093 1202A7           90     lcall TIMER1_SETUP_FOR_MAIN
0096 32               91     reti
                      92     ;==================================end===========================================
                      93     
                      94     
                      95     
                      96     
                      97     
                      98     ;=======================set up parameters=========================================
0097                  99     START_X:                         
0097 754080          100     mov inc_set, #80h                
009A 754140          101     mov ok_set, #40h                 
009D 754400          102     mov num_set, #00h                
00A0 75A0FF          103     mov p2, #0ffh            
00A3 7590FF          104     mov p1,#0ffh             
00A6 7400            105     mov a, #00h    
00A8 75B0FF          106     mov p3, #0ffh            
00AB 754700          107     mov sum_of_sample, #00h
00AE 754600          108     mov delay_count, #00h
00B1 755500          109     mov chu_so, #00h
00B4 755100          110     mov gia_tri_don_vi, #00h
00B7 755200          111     mov gia_tri_chuc, #00h
00BA 755300          112     mov gia_tri_tram, #00h
00BD 755400          113     mov gia_tri_nghin, #00h
                     114     
00C0 C2B0            115     clr p3.0
00C2 C2B1            116     clr p3.1
00C4 C2B2            117     clr p3.2
00C6 C2A7            118     clr spk
                     119     ;==================================================================================
                     120     
                     121     
                     122     
                     123     ;=========================================set up upper limit======================
A51 MACRO ASSEMBLER  MAIN                                                                 06/22/2022 16:54:55 PAGE     3

00C8                 124     SETUP:                          
00C8 C3              125     clr c
00C9 D2B1            126     setb led_orange
00CB 85B042          127     mov button_inc, p3               
00CE 534280          128     anl button_inc, #80h             
00D1 E542            129     mov a, button_inc
00D3 8540F0          130     mov b, inc_set
00D6 B5F013          131     cjne a,b, NOT_EQ_INC_SET                 
                     132     ;mov a, num_set
                     133     ;lcall HEX_BCD
                     134     ;lcall BCD_7SEG
                     135     ;lcall SHOW
00D9 1201DD          136     lcall SHOW_SETUP
                     137     
00DC 85B043          138     mov button_ok, p3                
00DF 534340          139     anl button_ok, #40h              
00E2 E543            140     mov a, button_ok
00E4 8541F0          141     mov b, ok_set
00E7 B5F05A          142     cjne a,b, NOT_EQ_OK_SET
                     143     ;cjne a,#40h, MAIN              //neu bam nut button_ok thi thoat khoi cai SETUP
00EA 80DC            144     sjmp SETUP
                     145     
00EC                 146     NOT_EQ_INC_SET:
00EC E542            147     mov a, button_inc
00EE B48008          148     cjne a, #80h, INC_
00F1                 149     NEXT_1:
00F1 854240          150     mov inc_set, button_inc
00F4 1201DD          151     lcall SHOW_SETUP
00F7 80CF            152     JMP SETUP
                     153     
00F9                 154     INC_:
00F9 E555            155     mov a, chu_so
00FB B4000F          156     cjne a, #00h, NOT_DON_VI
00FE E551            157     mov a, gia_tri_don_vi
0100 04              158     inc a
0101 F551            159     mov gia_tri_don_vi, a
0103 B40A05          160     cjne a, #10, DON_VI_10
0106 755100          161     mov gia_tri_don_vi, #0h
0109 80E6            162     jmp NEXT_1
                     163     
010B                 164     DON_VI_10:
010B 80E4            165     jmp NEXT_1
                     166     
010D                 167     NOT_DON_VI:
010D E555            168     mov a, chu_so
010F B4010F          169     cjne a, #01h, NOT_CHUC
0112 E552            170     mov a, gia_tri_chuc
0114 04              171     inc a
0115 F552            172     mov gia_tri_chuc, a
0117 B40A05          173     cjne a, #10, CHUC_10
011A 755200          174     mov gia_tri_chuc, #0h
011D 80D2            175     jmp NEXT_1
                     176     
011F                 177     CHUC_10:
011F 80D0            178     jmp NEXT_1
                     179     
0121                 180     NOT_CHUC:
0121 E555            181     mov a, chu_so
0123 B4020F          182     cjne a, #02h, NOT_TRAM
0126 E553            183     mov a, gia_tri_tram
0128 B40105          184     cjne a,#1, CHUYEN_TRAM_THANH_1
012B 755300          185     mov gia_tri_tram, #0
012E 80C1            186     jmp NEXT_1
0130                 187     CHUYEN_TRAM_THANH_1:
0130 755301          188     mov gia_tri_tram, #1
0133 80BC            189     jmp NEXT_1
A51 MACRO ASSEMBLER  MAIN                                                                 06/22/2022 16:54:55 PAGE     4

                     190     
                     191     
0135                 192     NOT_TRAM:
0135 E554            193     mov a, gia_tri_nghin
0137 B40105          194     cjne a, #01h, CHUYEN_NGHIN_THANH_1
013A 755400          195     mov gia_tri_nghin, #00h
013D 80B2            196     jmp NEXT_1
013F                 197     CHUYEN_NGHIN_THANH_1:
013F 755401          198     mov gia_tri_nghin, #01h
0142 80AD            199     jmp NEXT_1
                     200     
                     201     
0144                 202     NOT_EQ_OK_SET:
0144 E543            203     mov a, button_ok
0146 B44008          204     cjne a, #40h, BAM_NUT_OK                                 
0149                 205     NEXT_2:
0149 854341          206     mov ok_set, button_ok
014C 1201DD          207     lcall SHOW_SETUP
014F 01C8            208     jmp SETUP
                     209     
0151                 210     BAM_NUT_OK:
0151 E555            211     mov a, chu_so
0153 B4030C          212     cjne a, #03h, CHU_SO_KHAC_3
0156                 213     NEU_CHU_SO_BANG_3:
0156 E554            214     mov a, gia_tri_nghin
0158 B40005          215     cjne a, #0, GIA_TRI_NGHIN_BANG_1
015B 755500          216     mov chu_so, #0h
015E 80E9            217     jmp NEXT_2
                     218     
0160                 219     GIA_TRI_NGHIN_BANG_1:
0160 8007            220     jmp MAIN_SETUP
                     221     
0162                 222     CHU_SO_KHAC_3:
0162 E555            223     mov a, chu_so
0164 04              224     inc a
0165 F555            225     mov chu_so, a
0167 80E0            226     jmp NEXT_2
                     227     ;=========================================================================================
                     228     
                     229     
                     230     ;=======================================calculate upper limit=============================
0169                 231     MAIN_SETUP:
0169 E552            232     mov a, gia_tri_chuc
016B 75F00A          233     mov b, #10
016E A4              234     mul ab
016F 2551            235     add a,gia_tri_don_vi
0171 F544            236     mov num_set, a
0173 E553            237     mov a, gia_tri_tram
0175 75F064          238     mov b, #100
0178 A4              239     mul ab
0179 2544            240     add a, num_set
017B F544            241     mov num_set, a
                     242     ;mov a, num_set
                     243     
                     244     ;lcall HEX_BCD
                     245     ;lcall BCD_7SEG
                     246     ;lcall SHOW
                     247     ;jmp MAIN_SETUP
                     248     
                     249     ;org 70h        
                     250     ;=========================================================================================
                     251     
                     252     
                     253     
                     254     ;==============================================main loop==================================
017D                 255     MAIN:   
A51 MACRO ASSEMBLER  MAIN                                                                 06/22/2022 16:54:55 PAGE     5

                     256     
017D C2A7            257             clr spk
017F 754600          258             mov delay_count, #0
0182 C28C            259             clr TR0
0184 1201A3          260             lcall CONVERT
0187 1202A7          261             lcall TIMER1_SETUP_FOR_MAIN              
                     262                                                                             
018A                 263             MAIN_NEXT:
                     264             
018A C3              265             clr c
                     266     
                     267                             
018B 8544F0          268             mov b, num_set                   
018E E550            269             mov a, sample
0190 B5F00C          270             cjne a,b,NOT_EQUAL
                     271     
0193                 272             NEXT:
0193 C3              273             clr c
0194 1201B8          274             lcall HEX_BCD
0197 1201CA          275             lcall BCD_7SEG
019A 120223          276             lcall SHOW
019D 80EB            277             sjmp MAIN_NEXT
                     278             
019F                 279             NOT_EQUAL:
019F 40F2            280             jc NEXT
                     281             ;jc MAIN
01A1 4145            282             jmp WARNING
                     283     
                     284     ;=========================================================================================
                     285     
                     286     
                     287     
01A3                 288     CONVERT:
                     289             ;setb ale
                     290             ;clr ale
                     291             ;setb start
                     292             ;jb eoc,$          //$ chính là dia chi hien tai, cu nhay lai dong nay den khi eoc 
                             = 1 thi moi sang cau lenh tiep theo
                     293             ;clr start
                     294             ;;mov r7,#150
                     295             ;;de: lcall hienthi
                     296             ;;djnz r7,de
                     297             ;mov sample, p2
                     298             ;;mov b, num_set
                     299             ;;cjne a,b,NOT_EQUAL
                     300             ;ret
                     301     
01A3 C2A5            302             clr wr_
01A5 1202B7          303             lcall DELAY_1
01A8 D2A5            304             setb wr_
01AA 20A4FD          305             jb intr_ ,$
                     306     
01AD C2A6            307             clr rd_
01AF 1202B7          308             lcall DELAY_1
01B2 859050          309             mov sample, p1
01B5 D2A6            310             setb rd_
01B7 22              311             ret
                     312     
                     313     
                     314     
01B8                 315     HEX_BCD:                        
01B8 75F064          316     mov b,#100
01BB 84              317     div ab                    
                     318     ;mov 12h,a
01BC F532            319     mov 32h,a
01BE E5F0            320     mov a,b
A51 MACRO ASSEMBLER  MAIN                                                                 06/22/2022 16:54:55 PAGE     6

01C0 75F00A          321     mov b,#10
01C3 84              322     div ab
                     323     ;mov 11h,a
01C4 F531            324     mov 31h,a
                     325     ;mov 10h,b
01C6 85F030          326     mov 30h,b
01C9 22              327     ret
                     328     
                     329     
                     330     
01CA                 331     BCD_7SEG:
01CA 9002C9          332     mov dptr,#ma7seg
                     333     ;mov a,10h
01CD E530            334     mov a,30h
01CF 93              335     movc a,@a + dptr
                     336     ;mov 20h,a                               // 20h chua hang don vi
01D0 F533            337     mov 33h,a       
                     338     ;mov a,11h
01D2 E531            339     mov a,31h
01D4 93              340     movc a,@a + dptr                         
                     341     ;mov 21h,a                              // 21h chua hang chuc
01D5 F534            342     mov 34h,a
                     343     ;mov a,12h
01D7 E532            344     mov a,32h
01D9 93              345     movc a,@a + dptr
                     346     ;mov 22h,a                              // 22h chua hang tram
01DA F535            347     mov 35h,a
01DC 22              348     ret
                     349     
01DD                 350     SHOW_SETUP:
01DD 9002C9          351     mov dptr, #ma7seg
01E0 E551            352     mov a, gia_tri_don_vi
01E2 93              353     movc a, @a + dptr
01E3 F580            354     mov num, a
01E5 D2A3            355     setb donvi
01E7 1202B7          356     lcall DELAY_1
01EA 53A0F0          357     anl p2, #0f0h
01ED 9002C9          358     mov dptr, #ma7seg
01F0 E552            359     mov a, gia_tri_chuc
01F2 93              360     movc a, @a + dptr
01F3 F580            361     mov num, a
01F5 D2A2            362     setb chuc
01F7 1202B7          363     lcall DELAY_1
01FA 53A0F0          364     anl p2, #0f0h
01FD 9002C9          365     mov dptr, #ma7seg
0200 E553            366     mov a, gia_tri_tram
0202 93              367     movc a, @a + dptr
0203 F580            368     mov num, a
0205 D2A1            369     setb tram
0207 1202B7          370     lcall DELAY_1
020A 53A0F0          371     anl p2, #0f0h
020D 9002C9          372     mov dptr, #ma7seg
0210 E554            373     mov a, gia_tri_nghin
0212 93              374     movc a, @a + dptr
0213 F580            375     mov num, a
0215 D2A0            376     setb nghin
0217 1202B7          377     lcall DELAY_1
021A 53A0F0          378     anl p2, #0f0h
021D 22              379     ret
                     380     
                     381     
021E                 382     TO_MAIN:
021E 754600          383     mov delay_count, #0
0221 217D            384     jmp MAIN
                     385     
0223                 386     SHOW:
A51 MACRO ASSEMBLER  MAIN                                                                 06/22/2022 16:54:55 PAGE     7

                     387     ;mov num,20h
0223 853380          388     mov num,33h
0226 D2A3            389     setb donvi
0228 1202B7          390     lcall DELAY_1
022B 53A0F0          391     anl p2,#0f0h                     
                     392     
                     393     ;mov num,21h
022E 853480          394     mov num,34h
0231 D2A2            395     setb chuc
0233 1202B7          396     lcall DELAY_1
0236 53A0F0          397     anl p2,#0f0h       
                     398     
                     399     ;mov num,22h
0239 853580          400     mov num,35h
023C D2A1            401     setb tram
023E 1202B7          402     lcall DELAY_1
0241 53A0F0          403     anl p2,#0f0h
0244 22              404     ret
                     405     
                     406     
0245                 407     WARNING:
0245 C28E            408     clr TR1                          
0247 C2B0            409     clr led_interrupt
0249 D2A7            410     setb spk
024B 120280          411     lcall SHOW_WARNING
024E 754600          412     MOV delay_count, #0  
0251 120297          413     lcall TIMER0_SETUP_FOR_WARNING
                     414     ;clr TCON.2     //trigger by low level signal
                     415     ;setb IE.2
                     416     ;setb IE.7
0254                 417     WARNING_NEXT:
                     418     ;setb led
                     419     ;lcall SHOW_WARNING
                     420     ;lcall DELAY_2
                     421     ;clr led
                     422     ;lcall OFF_WARNING                                                                      <<<
                             <<<<<<<<<<--
                     423     ;lcall DELAY_2
0254 85B043          424     mov button_ok, p3                
0257 534340          425     anl button_ok, #40h              
025A E543            426     mov a, button_ok
                     427     ;mov b, ok_set
025C B44002          428     cjne a,#40h, RESET               
025F 80F3            429     jmp WARNING_NEXT
                     430     
                     431     
0261                 432     RESET:
                     433     ;setb ale
                     434     ;clr ale
                     435     ;setb start
                     436     ;jb eoc,$          //$ chính là dia chi hien tai, cu nhay lai dong nay den khi eoc = 1 thi 
                             moi sang cau lenh tiep theo
                     437     ;clr start
                     438     ;;mov r7,#150
                     439     ;;de: lcall hienthi
                     440     ;;djnz r7,de
                     441     ;mov a,p2
0261 C2A5            442     clr wr_
0263 1202B7          443     lcall DELAY_1
0266 D2A5            444     setb wr_
0268 20A4FD          445     jb intr_ ,$
                     446             
026B C2A6            447     clr rd_
026D 1202B7          448     lcall DELAY_1
0270 E590            449     mov a, p1
0272 D2A6            450     setb rd_
A51 MACRO ASSEMBLER  MAIN                                                                 06/22/2022 16:54:55 PAGE     8

                     451     
0274 8544F0          452     mov b, num_set
0277 B5F002          453     cjne a,b,NOT_EQUAL_1
027A 80D8            454     jmp WARNING_NEXT
027C                 455     NOT_EQUAL_1:
027C 40A0            456     jc TO_MAIN
027E 80D4            457     jmp WARNING_NEXT
                     458     
0280                 459     SHOW_WARNING:
                     460     ;mov num,20h
0280 7580BF          461     mov num,#0bfh
0283 D2A3            462     setb donvi
                     463     ;mov num,21h
0285 7580BF          464     mov num,#0bfh
0288 D2A2            465     setb chuc
                     466     ;mov num,22h
028A 7580BF          467     mov num,#0bfh
028D D2A1            468     setb tram
028F 22              469     ret
                     470     
0290                 471     OFF_WARNING:
0290 C2A3            472     clr donvi
0292 C2A2            473     clr chuc
0294 C2A1            474     clr tram
0296 22              475     ret
                     476     
0297                 477     TIMER0_SETUP_FOR_WARNING:
0297 D2AF            478     setb EA          
0299 D2A9            479     setb ET0         
029B 758901          480     MOV TMOD, #01h    
029E 758CF0          481     MOV TH0, #0F0h   
02A1 758A60          482     MOV TL0, #060h  
02A4 D28C            483     setb TR0         
02A6 22              484     ret
                     485     
02A7                 486     TIMER1_SETUP_FOR_MAIN:
02A7 D2AF            487     setb EA          
02A9 D2AB            488     setb ET1         
02AB 758910          489     mov TMOD, #10h                   
02AE 758D63          490     mov TH1, #063h                   
02B1 758BC0          491     mov TL1, #0C0h
                     492     ;MOV TH1, #0F0h //delay 250 lan timer 4ms = delay 1s
                     493     ;MOV TL1, #060h 
02B4 D28E            494     setb TR1         
02B6 22              495     ret 
                     496     
                     497     
02B7                 498     DELAY_1:
02B7 7F0A            499     mov r7,#10                               
02B9 DFFE            500     djnz r7,$
                     501     ;mov r2,#1       ; 16 <=> 1s// con so nay sai nen khong phai la 1s      //1 chu ky may
                     502     ;loop3: mov r3,#150     //r3=250 //1 chu ky may
                     503     ;loop4: mov r4,#150     //r4=250        //1 chu ky may
                     504     ;djnz r4,$              //giam tai cho khi nao r4=0 thi thuc hien lenh ke tiep , 2 chu ky m
                             ay
                     505     ;djnz r3,loop2 //r3-=1; if r3!=0 jump to loop2 else next instruction , 2 chu ky may
                     506     ;djnz r2,loop1 //r2-=1; if r2!=0 jump to loop2 else next instruction , 2 chu ky may
                     507     ;ret    //2 chu ky may
02BB 22              508     ret
                     509     
02BC                 510     DELAY_2:                         
02BC 7A0E            511     mov r2,#14       ; 16 <=> 1s// con so nay sai nen khong phai la 1s      //1 chu ky may
02BE 7BFA            512     loop1: mov r3,#250       
02C0 7CFA            513     loop2: mov r4,#250       
02C2 DCFE            514     djnz r4,$                
02C4 DBFA            515     djnz r3,loop2  
A51 MACRO ASSEMBLER  MAIN                                                                 06/22/2022 16:54:55 PAGE     9

02C6 DAF6            516     djnz r2,loop1  
02C8 22              517     ret      
                     518     ;//3MOV + 250'djnz r4'x2 (ban_dau) + 250'r3'x(2'djnz r3'+1+250'djnz r4'x2) (ban dau) 
                     519     ;//+16'r2'x(2'MOVr3,MOVr4'+2'djnz r2' + 250'djnz r4'x2 + 250'r3'x(2'djnz r3'+1+250'djnz r4'
                             x2))  
                     520     ;//hinh nhu sai cai 16 nen moi khong dung la 1s
                     521     
                     522     
                     523     ;ma7seg:
                     524     ;db 03fh,006h,05bh,04fh,066h,06dh,07dh,007h,07fh,06fh
02C9                 525     ma7seg:
02C9 C0F9A4B0        526     db 0c0h, 0f9h, 0a4h, 0b0h, 99h, 92h, 82h, 0f8h, 80h, 90h
02CD 999282F8                
02D1 8090                    
                     527     end
A51 MACRO ASSEMBLER  MAIN                                                                 06/22/2022 16:54:55 PAGE    10

SYMBOL TABLE LISTING
------ ----- -------


N A M E                   T Y P E  V A L U E   ATTRIBUTES

AVERAGE_OF_SAMPLE. . . .  N NUMB   0048H   A   
B. . . . . . . . . . . .  D ADDR   00F0H   A   
BAM_NUT_OK . . . . . . .  C ADDR   0151H   A   
BCD_7SEG . . . . . . . .  C ADDR   01CAH   A   
BUTTON_INC . . . . . . .  N NUMB   0042H   A   
BUTTON_OK. . . . . . . .  N NUMB   0043H   A   
CHUC . . . . . . . . . .  B ADDR   00A0H.2 A   
CHUC_10. . . . . . . . .  C ADDR   011FH   A   
CHUYEN_NGHIN_THANH_1 . .  C ADDR   013FH   A   
CHUYEN_TRAM_THANH_1. . .  C ADDR   0130H   A   
CHU_SO . . . . . . . . .  N NUMB   0055H   A   
CHU_SO_KHAC_3. . . . . .  C ADDR   0162H   A   
CONVERT. . . . . . . . .  C ADDR   01A3H   A   
CS_. . . . . . . . . . .  B ADDR   00B0H.3 A   
DELAY_1. . . . . . . . .  C ADDR   02B7H   A   
DELAY_2. . . . . . . . .  C ADDR   02BCH   A   
DELAY_COUNT. . . . . . .  N NUMB   0046H   A   
DONVI. . . . . . . . . .  B ADDR   00A0H.3 A   
DON_VI_10. . . . . . . .  C ADDR   010BH   A   
EA . . . . . . . . . . .  B ADDR   00A8H.7 A   
ET0. . . . . . . . . . .  B ADDR   00A8H.1 A   
ET1. . . . . . . . . . .  B ADDR   00A8H.3 A   
GIA_TRI_CHUC . . . . . .  N NUMB   0052H   A   
GIA_TRI_DON_VI . . . . .  N NUMB   0051H   A   
GIA_TRI_NGHIN. . . . . .  N NUMB   0054H   A   
GIA_TRI_NGHIN_BANG_1 . .  C ADDR   0160H   A   
GIA_TRI_TRAM . . . . . .  N NUMB   0053H   A   
HEX_BCD. . . . . . . . .  C ADDR   01B8H   A   
INC_ . . . . . . . . . .  C ADDR   00F9H   A   
INC_SET. . . . . . . . .  N NUMB   0040H   A   
INTR_. . . . . . . . . .  B ADDR   00A0H.4 A   
LED_INTERRUPT. . . . . .  B ADDR   00B0H.0 A   
LED_ORANGE . . . . . . .  B ADDR   00B0H.1 A   
LED_WHITE. . . . . . . .  B ADDR   00B0H.2 A   
LOOP1. . . . . . . . . .  C ADDR   02BEH   A   
LOOP2. . . . . . . . . .  C ADDR   02C0H   A   
MA7SEG . . . . . . . . .  C ADDR   02C9H   A   
MAIN . . . . . . . . . .  C ADDR   017DH   A   
MAIN_NEXT. . . . . . . .  C ADDR   018AH   A   
MAIN_SETUP . . . . . . .  C ADDR   0169H   A   
NEU_CHU_SO_BANG_3. . . .  C ADDR   0156H   A   
NEXT . . . . . . . . . .  C ADDR   0193H   A   
NEXT_1 . . . . . . . . .  C ADDR   00F1H   A   
NEXT_2 . . . . . . . . .  C ADDR   0149H   A   
NGHIN. . . . . . . . . .  B ADDR   00A0H.0 A   
NOT_CHUC . . . . . . . .  C ADDR   0121H   A   
NOT_DON_VI . . . . . . .  C ADDR   010DH   A   
NOT_EQUAL. . . . . . . .  C ADDR   019FH   A   
NOT_EQUAL_1. . . . . . .  C ADDR   027CH   A   
NOT_EQ_INC_SET . . . . .  C ADDR   00ECH   A   
NOT_EQ_OK_SET. . . . . .  C ADDR   0144H   A   
NOT_TRAM . . . . . . . .  C ADDR   0135H   A   
NUM. . . . . . . . . . .  D ADDR   0080H   A   
NUM_SET. . . . . . . . .  N NUMB   0044H   A   
OFF_WARNING. . . . . . .  C ADDR   0290H   A   
OK_SET . . . . . . . . .  N NUMB   0041H   A   
P0 . . . . . . . . . . .  D ADDR   0080H   A   
P1 . . . . . . . . . . .  D ADDR   0090H   A   
P2 . . . . . . . . . . .  D ADDR   00A0H   A   
P3 . . . . . . . . . . .  D ADDR   00B0H   A   
A51 MACRO ASSEMBLER  MAIN                                                                 06/22/2022 16:54:55 PAGE    11

RD_. . . . . . . . . . .  B ADDR   00A0H.6 A   
RESET. . . . . . . . . .  C ADDR   0261H   A   
SAMPLE . . . . . . . . .  N NUMB   0050H   A   
SAMPLE_COUNT . . . . . .  N NUMB   0049H   A   
SETUP. . . . . . . . . .  C ADDR   00C8H   A   
SHOW . . . . . . . . . .  C ADDR   0223H   A   
SHOW_SETUP . . . . . . .  C ADDR   01DDH   A   
SHOW_WARNING . . . . . .  C ADDR   0280H   A   
SPK. . . . . . . . . . .  B ADDR   00A0H.7 A   
START_X. . . . . . . . .  C ADDR   0097H   A   
SUM_OF_SAMPLE. . . . . .  N NUMB   0047H   A   
TEST . . . . . . . . . .  N NUMB   0045H   A   
TH0. . . . . . . . . . .  D ADDR   008CH   A   
TH1. . . . . . . . . . .  D ADDR   008DH   A   
TIMER0_NEXT. . . . . . .  C ADDR   004AH   A   
TIMER0_SETUP_FOR_WARNING  C ADDR   0297H   A   
TIMER1_NEXT. . . . . . .  C ADDR   0091H   A   
TIMER1_SETUP_FOR_MAIN. .  C ADDR   02A7H   A   
TL0. . . . . . . . . . .  D ADDR   008AH   A   
TL1. . . . . . . . . . .  D ADDR   008BH   A   
TMOD . . . . . . . . . .  D ADDR   0089H   A   
TO_MAIN. . . . . . . . .  C ADDR   021EH   A   
TR0. . . . . . . . . . .  B ADDR   0088H.4 A   
TR1. . . . . . . . . . .  B ADDR   0088H.6 A   
TRAM . . . . . . . . . .  B ADDR   00A0H.1 A   
TURN_ON. . . . . . . . .  C ADDR   0050H   A   
WARNING. . . . . . . . .  C ADDR   0245H   A   
WARNING_NEXT . . . . . .  C ADDR   0254H   A   
WR_. . . . . . . . . . .  B ADDR   00A0H.5 A   


REGISTER BANK(S) USED: 0 


ASSEMBLY COMPLETE.  0 WARNING(S), 0 ERROR(S)
